  main.cpp
C:\Users\SystemX\Desktop\учеба\4 семестр\программирование\сделанное\Tetris\main.cpp(108,54): warning C4244: аргумент: преобразование "const _Ty" в "sf::Uint8", возможна потеря данных
          with
          [
              _Ty=double
          ]
C:\Users\SystemX\Desktop\учеба\4 семестр\программирование\сделанное\Tetris\main.cpp(109,42): warning C4244: аргумент: преобразование "double" в "float", возможна потеря данных
C:\Users\SystemX\Desktop\учеба\4 семестр\программирование\сделанное\Tetris\main.cpp(109,33): warning C4244: аргумент: преобразование "double" в "float", возможна потеря данных
C:\Users\SystemX\Desktop\учеба\4 семестр\программирование\сделанное\Tetris\main.cpp(583,40): warning C4244: аргумент: преобразование "double" в "float", возможна потеря данных
C:\Users\SystemX\Desktop\учеба\4 семестр\программирование\сделанное\Tetris\main.cpp(587,33): warning C4244: аргумент: преобразование "double" в "float", возможна потеря данных
C:\Users\SystemX\Desktop\учеба\4 семестр\программирование\сделанное\Tetris\main.cpp(592,23): warning C4244: инициализация: преобразование "const _Ty" в "float", возможна потеря данных
          with
          [
              _Ty=double
          ]
C:\Users\SystemX\Desktop\учеба\4 семестр\программирование\сделанное\Tetris\main.cpp(597,39): warning C4244: аргумент: преобразование "double" в "float", возможна потеря данных
C:\Users\SystemX\Desktop\учеба\4 семестр\программирование\сделанное\Tetris\main.cpp(637,106): warning C4244: аргумент: преобразование "int" в "float", возможна потеря данных
C:\Users\SystemX\Desktop\учеба\4 семестр\программирование\сделанное\Tetris\main.cpp(637,58): warning C4244: аргумент: преобразование "int" в "float", возможна потеря данных
C:\Users\SystemX\Desktop\учеба\4 семестр\программирование\сделанное\Tetris\main.cpp(651,66): warning C4244: аргумент: преобразование "double" в "float", возможна потеря данных
C:\Users\SystemX\Desktop\учеба\4 семестр\программирование\сделанное\Tetris\main.cpp(651,37): warning C4244: аргумент: преобразование "int" в "float", возможна потеря данных
C:\Users\SystemX\Desktop\учеба\4 семестр\программирование\сделанное\Tetris\main.cpp(661,89): warning C4244: аргумент: преобразование "double" в "float", возможна потеря данных
C:\Users\SystemX\Desktop\учеба\4 семестр\программирование\сделанное\Tetris\main.cpp(661,51): warning C4244: аргумент: преобразование "int" в "float", возможна потеря данных
C:\Users\SystemX\Desktop\учеба\4 семестр\программирование\сделанное\Tetris\main.cpp(669,60): warning C4244: аргумент: преобразование "double" в "sf::Uint8", возможна потеря данных
C:\Users\SystemX\Desktop\учеба\4 семестр\программирование\сделанное\Tetris\main.cpp(671,22): warning C4244: инициализация: преобразование "const _Ty" в "float", возможна потеря данных
          with
          [
              _Ty=double
          ]
C:\Users\SystemX\Desktop\учеба\4 семестр\программирование\сделанное\Tetris\main.cpp(675,49): warning C4244: аргумент: преобразование "float" в "sf::Uint8", возможна потеря данных
C:\Users\SystemX\Desktop\учеба\4 семестр\программирование\сделанное\Tetris\main.cpp(676,83): warning C4244: аргумент: преобразование "double" в "float", возможна потеря данных
C:\Users\SystemX\Desktop\учеба\4 семестр\программирование\сделанное\Tetris\main.cpp(676,45): warning C4244: аргумент: преобразование "int" в "float", возможна потеря данных
C:\Users\SystemX\Desktop\учеба\4 семестр\программирование\сделанное\Tetris\main.cpp(679,103): warning C4244: аргумент: преобразование "double" в "float", возможна потеря данных
C:\Users\SystemX\Desktop\учеба\4 семестр\программирование\сделанное\Tetris\main.cpp(679,65): warning C4244: аргумент: преобразование "int" в "float", возможна потеря данных
C:\Users\SystemX\Desktop\учеба\4 семестр\программирование\сделанное\Tetris\main.cpp(694,39): warning C4244: аргумент: преобразование "double" в "float", возможна потеря данных
C:\Users\SystemX\Desktop\учеба\4 семестр\программирование\сделанное\Tetris\main.cpp(699,40): warning C4244: аргумент: преобразование "double" в "float", возможна потеря данных
C:\Users\SystemX\Desktop\учеба\4 семестр\программирование\сделанное\Tetris\main.cpp(728,48): warning C4244: аргумент: преобразование "double" в "float", возможна потеря данных
C:\Users\SystemX\Desktop\учеба\4 семестр\программирование\сделанное\Tetris\main.cpp(739,48): warning C4244: аргумент: преобразование "double" в "float", возможна потеря данных
C:\Users\SystemX\Desktop\учеба\4 семестр\программирование\сделанное\Tetris\main.cpp(746,48): warning C4244: аргумент: преобразование "double" в "float", возможна потеря данных
C:\Users\SystemX\Desktop\учеба\4 семестр\программирование\сделанное\Tetris\main.cpp(757,48): warning C4244: аргумент: преобразование "double" в "float", возможна потеря данных
C:\Users\SystemX\Desktop\учеба\4 семестр\программирование\сделанное\Tetris\main.cpp(177,6): warning C4101: holded: неиспользованная локальная переменная
C:\Users\SystemX\Desktop\учеба\4 семестр\программирование\сделанное\Tetris\main.cpp(126): warning C4715: isCollidedGhost: значение возвращается не при всех путях выполнения
  gg.vcxproj -> C:\Users\SystemX\Desktop\учеба\4 семестр\программирование\сделанное\Tetris\x64\Debug\gg.exe
